<?xml version="1.0" encoding="UTF-8"?>
<!-- Generated by org.testng.reporters.JUnitXMLReporter -->
<testsuite ignored="0" hostname="SarthakDell" failures="0" tests="3" name="Test" time="0.007" errors="0" timestamp="2023-08-23T21:30:38 GMT-04:00">
  <testcase classname="com.automation.TestNG_Suite2.Class3" name="testingClass3" time="0.001"/>
  <testcase classname="com.automation.TestNG_Suite2.Class2" name="testingClass2" time="0.001"/>
  <testcase classname="com.automation.TestNG_Suite2.Class1" name="testingClass1" time="0.0"/>
</testsuite> <!-- Test -->
