<?xml version="1.0" encoding="UTF-8"?>
<!-- Generated by org.testng.reporters.JUnitXMLReporter -->
<testsuite ignored="1" hostname="SarthakDell" failures="0" tests="1" name="Default test" time="13.479" errors="0" timestamp="2023-08-30T22:51:06 GMT-04:00">
  <testcase classname="com.automation.DatePicker.Example1" name="useCustomizeDateMethod" time="13.348"/>
  <testcase classname="com.automation.DatePicker.Example1" name="verifyHardCodedDateSelection" time="0.0">
    <ignored/>
  </testcase> <!-- verifyHardCodedDateSelection -->
</testsuite> <!-- Default test -->
