<?xml version="1.0" encoding="UTF-8"?>
<!-- Generated by org.testng.reporters.JUnitXMLReporter -->
<testsuite ignored="0" hostname="SarthakDell" failures="1" tests="4" name="Test" time="0.028" errors="0" timestamp="2023-08-23T21:30:38 GMT-04:00">
  <testcase classname="com.automation.TestNG_Suite3.Class1" name="testingClass1" time="0.001"/>
  <testcase classname="com.automation.TestNG_Suite3.Class2" name="testingClass2" time="0.0"/>
  <testcase classname="com.automation.TestNG_Suite3.Class3" name="testingClass3" time="0.001"/>
  <testcase classname="com.automation.TestNG_Suite3.Class4" name="logic" time="0.013">
    <failure type="java.lang.AssertionError" message="expected [true] but found [false]">
      <![CDATA[java.lang.AssertionError: expected [true] but found [false]
at com.automation.TestNG_Suite3.Class4.logic(Class4.java:13)
at java.base/java.util.ArrayList.forEach(ArrayList.java:1511)
... Removed 36 stack frames]]>
    </failure>
  </testcase> <!-- logic -->
</testsuite> <!-- Test -->
