<?xml version="1.0" encoding="UTF-8"?>
<!-- Generated by org.testng.reporters.JUnitXMLReporter -->
<testsuite ignored="0" hostname="SarthakDell" failures="1" tests="1" name="Test(failed)" time="0.05" errors="0" timestamp="2023-08-23T21:32:14 GMT-04:00">
  <testcase classname="com.automation.TestNG_Suite3.Class4" name="logic" time="0.011">
    <failure type="java.lang.AssertionError" message="expected [true] but found [false]">
      <![CDATA[java.lang.AssertionError: expected [true] but found [false]
at com.automation.TestNG_Suite3.Class4.logic(Class4.java:13)
at java.base/java.util.ArrayList.forEach(ArrayList.java:1511)
... Removed 35 stack frames]]>
    </failure>
  </testcase> <!-- logic -->
</testsuite> <!-- Test(failed) -->
